[2022-02-08T19:19:33+00:00] Prepare facts for a scan
[2022-02-08T19:19:33+00:00] Current task gather_fact
[2022-02-08T19:19:33+00:00] processing gather_fact
[2022-02-08T19:19:33+00:00] Core: 17
[2022-02-08T19:19:33+00:00] get_core_files in 0
[2022-02-08T19:19:33+00:00] process done, queue for next
[2022-02-08T19:19:33+00:00] Scan not done, pinging
[2022-02-08T19:19:33+00:00] Current task gather_fact
[2022-02-08T19:19:33+00:00] processing gather_fact
[2022-02-08T19:19:35+00:00] Content: 3347
[2022-02-08T19:19:35+00:00] get_content_files in 2
[2022-02-08T19:19:35+00:00] task gather_fact processed
[2022-02-08T19:19:35+00:00] queue core_integrity_check for next
[2022-02-08T19:19:35+00:00] process done, queue for next
[2022-02-08T19:19:35+00:00] Scan not done, pinging
[2022-02-08T19:19:35+00:00] Current task core_integrity_check
[2022-02-08T19:19:35+00:00] processing core_integrity_check
[2022-02-08T19:19:35+00:00] Fetch checksums, should only once
[2022-02-08T19:19:35+00:00] current pos 0
[2022-02-08T19:19:35+00:00] skip C:\wamp64\www\WP-test\wordpress\.htaccess because of file is whitelisted
[2022-02-08T19:19:36+00:00] task core_integrity_check processed
[2022-02-08T19:19:36+00:00] All done!
[2022-02-08T19:19:36+00:00] process done, queue for next
